done
starts benchmarking
Rehearsal ----------------------------------------------------
3 alternatives:    0.000000   0.000000   0.000000 (  0.000066)
4 alternatives:    0.000000   0.000000   0.000000 (  0.000121)
5 alternatives:    0.000000   0.000000   0.000000 (  0.000065)
6 alternatives:    0.000000   0.000000   0.000000 (  0.000087)
7 alternatives:    0.000000   0.000000   0.000000 (  0.000106)
8 alternatives:    0.000000   0.000000   0.000000 (  0.000137)
9 alternatives:    0.000000   0.000000   0.000000 (  0.000198)
10 alternatives:   0.000000   0.000000   0.000000 (  0.000248)
11 alternatives:   0.000000   0.000000   0.000000 (  0.000367)
12 alternatives:   0.000000   0.000000   0.000000 (  0.000460)
13 alternatives:   0.010000   0.000000   0.010000 (  0.000577)
14 alternatives:   0.000000   0.000000   0.000000 (  0.000639)
15 alternatives:   0.000000   0.000000   0.000000 (  0.000651)
16 alternatives:   0.000000   0.000000   0.000000 (  0.000784)
17 alternatives:   0.000000   0.000000   0.000000 (  0.000918)
18 alternatives:   0.000000   0.000000   0.000000 (  0.001177)
19 alternatives:   0.000000   0.000000   0.000000 (  0.001780)
20 alternatives:   0.000000   0.000000   0.000000 (  0.001400)
------------------------------------------- total: 0.010000sec

                       user     system      total        real
3 alternatives:    0.000000   0.000000   0.000000 (  0.000058)
4 alternatives:    0.000000   0.000000   0.000000 (  0.000075)
5 alternatives:    0.000000   0.000000   0.000000 (  0.000110)
6 alternatives:    0.000000   0.000000   0.000000 (  0.000109)
7 alternatives:    0.000000   0.000000   0.000000 (  0.000142)
8 alternatives:    0.000000   0.000000   0.000000 (  0.000188)
9 alternatives:    0.000000   0.000000   0.000000 (  0.000220)
10 alternatives:   0.000000   0.000000   0.000000 (  0.000242)
11 alternatives:   0.000000   0.000000   0.000000 (  0.000295)
12 alternatives:   0.010000   0.000000   0.010000 (  0.000382)
13 alternatives:   0.000000   0.000000   0.000000 (  0.000425)
14 alternatives:   0.010000   0.000000   0.010000 (  0.000509)
15 alternatives:   0.000000   0.000000   0.000000 (  0.001414)
16 alternatives:   0.000000   0.000000   0.000000 (  0.000919)
17 alternatives:   0.000000   0.000000   0.000000 (  0.001830)
18 alternatives:   0.010000   0.000000   0.010000 (  0.001690)
19 alternatives:   0.000000   0.000000   0.000000 (  0.001672)
20 alternatives:   0.010000   0.000000   0.010000 (  0.002775)
